<?xml version="1.0" encoding="UTF-8"?>
<!-- Generated by org.testng.reporters.JUnitReportReporter -->
<testsuite hostname="DESKTOP-I16ITIS" failures="0" tests="10" name="com.urbanladder.runner.runner" time="98.047" errors="0" timestamp="28 Sep 2021 16:19:57 GMT">
  <testcase classname="com.urbanladder.runner.runner" name="runScenario" time="8.628"/>
  <testcase classname="com.urbanladder.runner.runner" name="runScenario" time="21.362"/>
  <testcase classname="com.urbanladder.runner.runner" name="runScenario" time="11.042"/>
  <testcase classname="com.urbanladder.runner.runner" name="runScenario" time="10.280"/>
  <testcase classname="com.urbanladder.runner.runner" name="runScenario" time="12.888"/>
  <testcase classname="com.urbanladder.runner.runner" name="runScenario" time="10.247"/>
  <testcase classname="com.urbanladder.runner.runner" name="runScenario" time="9.345"/>
  <testcase classname="com.urbanladder.runner.runner" name="runScenario" time="3.167"/>
  <testcase classname="com.urbanladder.runner.runner" name="runScenario" time="8.899"/>
  <testcase classname="com.urbanladder.runner.runner" name="runScenario" time="2.189"/>
</testsuite> <!-- com.urbanladder.runner.runner -->
